<?xml version="1.0" encoding="UTF-8"?>
<!DOCTYPE beans PUBLIC "-//SPRING//DTD BEAN//EN" "http://www.springkernel.org/dtd/spring-beans.dtd">

<!-- This creates enough of a citations service so that the openurl service can be tested. -->
<beans>
	<bean id="org.sakaiproject.citation.api.CitationService"
		class="org.sakaiproject.citation.impl.MockCitationServiceImpl"
		init-method="init">
	</bean>
</beans>